<?xml version="1.0" encoding="UTF-8"?>
<testsuite name="com.phonebook.tests.CreateAccountTests" tests="1" skipped="0" failures="0" errors="0" timestamp="2024-11-27T08:39:38" hostname="DESKTOP-3N8OHH5" time="1.319">
  <properties/>
  <testcase name="existedUserRegistrationNegativeTest" classname="com.phonebook.tests.CreateAccountTests" time="1.319"/>
  <system-out><![CDATA[09:39:38.104 [Test worker] INFO  com.phonebook.tests.TestBase -- Start testexistedUserRegistrationNegativeTest[]
09:39:38.105 [Test worker] INFO  com.phonebook.utils.MyListener -- Before fine elements By.cssSelector: [href='/login']
09:39:38.105 [Test worker] INFO  com.phonebook.utils.MyListener -- ***********************************
09:39:38.177 [Test worker] INFO  com.phonebook.utils.MyListener -- List size is 1
09:39:38.178 [Test worker] INFO  com.phonebook.utils.MyListener -- **************************************
09:39:38.181 [Test worker] INFO  com.phonebook.utils.MyListener -- The locator will find By.cssSelector: [href='/login']
09:39:38.184 [Test worker] INFO  com.phonebook.utils.MyListener -- ************************************
09:39:38.227 [Test worker] INFO  com.phonebook.utils.MyListener -- The locator is By.cssSelector: [href='/login']
09:39:38.227 [Test worker] INFO  com.phonebook.utils.MyListener -- ********************************
09:39:38.316 [Test worker] INFO  com.phonebook.utils.MyListener -- The locator will find By.name: email
09:39:38.317 [Test worker] INFO  com.phonebook.utils.MyListener -- ************************************
09:39:38.346 [Test worker] INFO  com.phonebook.utils.MyListener -- The locator is By.name: email
09:39:38.347 [Test worker] INFO  com.phonebook.utils.MyListener -- ********************************
09:39:38.419 [Test worker] INFO  com.phonebook.utils.MyListener -- The locator will find By.name: email
09:39:38.420 [Test worker] INFO  com.phonebook.utils.MyListener -- ************************************
09:39:38.444 [Test worker] INFO  com.phonebook.utils.MyListener -- The locator is By.name: email
09:39:38.444 [Test worker] INFO  com.phonebook.utils.MyListener -- ********************************
09:39:38.482 [Test worker] INFO  com.phonebook.utils.MyListener -- The locator will find By.name: email
09:39:38.483 [Test worker] INFO  com.phonebook.utils.MyListener -- ************************************
09:39:38.505 [Test worker] INFO  com.phonebook.utils.MyListener -- The locator is By.name: email
09:39:38.505 [Test worker] INFO  com.phonebook.utils.MyListener -- ********************************
09:39:38.562 [Test worker] INFO  com.phonebook.utils.MyListener -- The locator will find By.name: password
09:39:38.563 [Test worker] INFO  com.phonebook.utils.MyListener -- ************************************
09:39:38.583 [Test worker] INFO  com.phonebook.utils.MyListener -- The locator is By.name: password
09:39:38.583 [Test worker] INFO  com.phonebook.utils.MyListener -- ********************************
09:39:38.655 [Test worker] INFO  com.phonebook.utils.MyListener -- The locator will find By.name: password
09:39:38.656 [Test worker] INFO  com.phonebook.utils.MyListener -- ************************************
09:39:38.683 [Test worker] INFO  com.phonebook.utils.MyListener -- The locator is By.name: password
09:39:38.684 [Test worker] INFO  com.phonebook.utils.MyListener -- ********************************
09:39:38.739 [Test worker] INFO  com.phonebook.utils.MyListener -- The locator will find By.name: password
09:39:38.740 [Test worker] INFO  com.phonebook.utils.MyListener -- ************************************
09:39:38.758 [Test worker] INFO  com.phonebook.utils.MyListener -- The locator is By.name: password
09:39:38.758 [Test worker] INFO  com.phonebook.utils.MyListener -- ********************************
09:39:38.827 [Test worker] INFO  com.phonebook.utils.MyListener -- The locator will find By.name: registration
09:39:38.827 [Test worker] INFO  com.phonebook.utils.MyListener -- ************************************
09:39:38.850 [Test worker] INFO  com.phonebook.utils.MyListener -- The locator is By.name: registration
09:39:38.851 [Test worker] INFO  com.phonebook.utils.MyListener -- ********************************
09:39:38.925 [Test worker] INFO  com.phonebook.utils.MyListener -- The test have problem
09:39:38.925 [Test worker] INFO  com.phonebook.utils.MyListener -- ****************************************
09:39:38.925 [Test worker] INFO  com.phonebook.utils.MyListener -- Method --> alert
09:39:38.925 [Test worker] INFO  com.phonebook.utils.MyListener -- ************************************
09:39:38.926 [Test worker] INFO  com.phonebook.utils.MyListener -- Target exception --> org.openqa.selenium.NoAlertPresentException: no such alert
  (Session info: chrome=131.0.6778.86)
Build info: version: '4.26.0', revision: '8ccf0219d7'
System info: os.name: 'Windows 10', os.arch: 'amd64', os.version: '10.0', java.version: '17.0.12'
Driver info: org.openqa.selenium.chrome.ChromeDriver
Command: [ae78b6f1fe06171c5ed27d4bcf99266c, getAlertText {}]
Capabilities {acceptInsecureCerts: false, browserName: chrome, browserVersion: 131.0.6778.86, chrome: {chromedriverVersion: 131.0.6778.69 (77e2244bbcda..., userDataDir: C:\Users\alona\AppData\Loca...}, fedcm:accounts: true, goog:chromeOptions: {debuggerAddress: localhost:58568}, networkConnectionEnabled: false, pageLoadStrategy: normal, platformName: windows, proxy: Proxy(), se:cdp: ws://localhost:58568/devtoo..., se:cdpVersion: 131.0.6778.86, setWindowRect: true, strictFileInteractability: false, timeouts: {implicit: 0, pageLoad: 300000, script: 30000}, unhandledPromptBehavior: dismiss and notify, webauthn:extension:credBlob: true, webauthn:extension:largeBlob: true, webauthn:extension:minPinLength: true, webauthn:extension:prf: true, webauthn:virtualAuthenticators: true}
Session ID: ae78b6f1fe06171c5ed27d4bcf99266c
09:39:38.926 [Test worker] INFO  com.phonebook.utils.MyListener -- ************************
09:39:38.926 [Test worker] INFO  com.phonebook.utils.MyListener -- Object target --> org.openqa.selenium.remote.RemoteWebDriver$RemoteTargetLocator@4745e9c
09:39:38.927 [Test worker] INFO  com.phonebook.utils.MyListener -- **********************************************
09:39:39.471 [Test worker] INFO  com.phonebook.utils.MyListener -- Before fine elements By.cssSelector: .login_login__3EHKB>div
09:39:39.472 [Test worker] INFO  com.phonebook.utils.MyListener -- ***********************************
09:39:39.497 [Test worker] INFO  com.phonebook.utils.MyListener -- List size is 1
09:39:39.498 [Test worker] INFO  com.phonebook.utils.MyListener -- **************************************
09:39:39.503 [Test worker] INFO  com.phonebook.tests.TestBase -- PASSED:existedUserRegistrationNegativeTest
09:39:39.504 [Test worker] INFO  com.phonebook.tests.TestBase -- Stop test
09:39:39.505 [Test worker] INFO  com.phonebook.tests.TestBase -- ======================================================
]]></system-out>
  <system-err><![CDATA[]]></system-err>
</testsuite>
